<?xml version="1.0" encoding="utf-8"?><testsuites name="pytest tests"><testsuite name="pytest" errors="0" failures="0" skipped="0" tests="30" time="6.463" timestamp="2026-05-16T10:01:04.241344+00:00" hostname="agent-env-fae7f287-1324-4b8a-b5f5-b82a6304e4ed"><testcase classname="backend.tests.backend_test" name="test_root" time="0.302" /><testcase classname="backend.tests.backend_test" name="test_login_success" time="0.275" /><testcase classname="backend.tests.backend_test" name="test_login_wrong_password" time="0.268" /><testcase classname="backend.tests.backend_test" name="test_me_with_bearer" time="0.321" /><testcase classname="backend.tests.backend_test" name="test_me_without_token" time="0.108" /><testcase classname="backend.tests.backend_test" name="test_create_contact" time="0.065" /><testcase classname="backend.tests.backend_test" name="test_contact_invalid_email" time="0.048" /><testcase classname="backend.tests.backend_test" name="test_create_enquiry" time="0.047" /><testcase classname="backend.tests.backend_test" name="test_admin_contacts_unauth" time="0.095" /><testcase classname="backend.tests.backend_test" name="test_admin_contacts_auth" time="0.049" /><testcase classname="backend.tests.backend_test" name="test_admin_enquiries_unauth" time="0.141" /><testcase classname="backend.tests.backend_test" name="test_admin_enquiries_auth" time="0.046" /><testcase classname="backend.tests.backend_test" name="test_admin_stats" time="0.050" /><testcase classname="backend.tests.test_cms" name="test_site_content_returns_seeded" time="0.134" /><testcase classname="backend.tests.test_cms" name="test_site_products_no_id_leak" time="0.164" /><testcase classname="backend.tests.test_cms" name="test_site_banners" time="0.161" /><testcase classname="backend.tests.test_cms" name="test_site_categories" time="0.112" /><testcase classname="backend.tests.test_cms" name="test_admin_dashboard_unauth" time="0.097" /><testcase classname="backend.tests.test_cms" name="test_admin_dashboard_auth" time="0.503" /><testcase classname="backend.tests.test_cms" name="test_categories_unauth" time="0.105" /><testcase classname="backend.tests.test_cms" name="test_categories_crud" time="0.441" /><testcase classname="backend.tests.test_cms" name="test_category_missing_name" time="0.114" /><testcase classname="backend.tests.test_cms" name="test_products_unauth" time="0.104" /><testcase classname="backend.tests.test_cms" name="test_products_crud_with_category_autofill" time="0.709" /><testcase classname="backend.tests.test_cms" name="test_product_missing_fields" time="0.234" /><testcase classname="backend.tests.test_cms" name="test_banners_crud_and_toggle" time="0.447" /><testcase classname="backend.tests.test_cms" name="test_content_get_and_partial_update" time="0.417" /><testcase classname="backend.tests.test_cms" name="test_enquiry_status_update" time="0.360" /><testcase classname="backend.tests.test_cms" name="test_contact_status_update" time="0.317" /><testcase classname="backend.tests.test_cms" name="test_enquiry_status_not_found" time="0.101" /></testsuite></testsuites>